Using pre-set license
Built from '2020.2/release' branch; Version is '2020.2.2f1 (068178b99f32) revision 426360'; Using compiler version '192528614'; Build Type 'Release'
OS: 'Windows 10 Home Single Language; OS build 19042.1165; Version 2009; 64bit' Language: 'es' Physical Memory: 32610 MB
BatchMode: 1, IsHumanControllingUs: 0, StartBugReporterOnCrash: 0, Is64bit: 1, IsPro: 0

 COMMAND LINE ARGUMENTS:
C:\Program Files\Unity\Hub\Editor\2020.2.2f1\Editor\Unity.exe
-adb2
-batchMode
-noUpm
-name
AssetImportWorker0
-projectPath
C:/Users/ivan0/Documents/docente/unity docente/18Agosto
-logFile
Logs/AssetImportWorker0.log
-srvPort
60562
Successfully changed project path to: C:/Users/ivan0/Documents/docente/unity docente/18Agosto
C:/Users/ivan0/Documents/docente/unity docente/18Agosto
Using Asset Import Pipeline V2.
Refreshing native plugins compatible for Editor in 22.53 ms, found 0 plugins.
Preloading 0 native plugins for Editor in 0.00 ms.
Initialize engine version: 2020.2.2f1 (068178b99f32)
[Subsystems] Discovering subsystems at path C:/Program Files/Unity/Hub/Editor/2020.2.2f1/Editor/Data/Resources/UnitySubsystems
[Subsystems] Discovering subsystems at path C:/Users/ivan0/Documents/docente/unity docente/18Agosto/Assets
GfxDevice: creating device client; threaded=0
Direct3D:
    Version:  Direct3D 11.0 [level 11.1]
    Renderer: NVIDIA GeForce GTX 1050 (ID=0x1c8d)
    Vendor:   
    VRAM:     4019 MB
    Driver:   30.0.14.7111
Initialize mono
Mono path[0] = 'C:/Program Files/Unity/Hub/Editor/2020.2.2f1/Editor/Data/Managed'
Mono path[1] = 'C:/Program Files/Unity/Hub/Editor/2020.2.2f1/Editor/Data/MonoBleedingEdge/lib/mono/unityjit'
Mono config path = 'C:/Program Files/Unity/Hub/Editor/2020.2.2f1/Editor/Data/MonoBleedingEdge/etc'
Using monoOptions --debugger-agent=transport=dt_socket,embedding=1,server=y,suspend=n,address=127.0.0.1:56384
Begin MonoManager ReloadAssembly
Registering precompiled unity dll's ...
Register platform support module: C:/Program Files/Unity/Hub/Editor/2020.2.2f1/Editor/Data/PlaybackEngines/WindowsStandaloneSupport/UnityEditor.WindowsStandalone.Extensions.dll
Registered in 0.001968 seconds.
Native extension for WindowsStandalone target not found
Refreshing native plugins compatible for Editor in 23.61 ms, found 0 plugins.
Preloading 0 native plugins for Editor in 0.00 ms.
Invoked RoslynAnalysisRunner static constructor.
RoslynAnalysisRunner will not be running.
RoslynAnalysisRunner has terminated.
Mono: successfully reloaded assembly
- Completed reload, in  1.147 seconds
Platform modules already initialized, skipping
Registering precompiled user dll's ...
Registered in 0.000729 seconds.
Begin MonoManager ReloadAssembly
Native extension for WindowsStandalone target not found
Refreshing native plugins compatible for Editor in 0.19 ms, found 0 plugins.
Preloading 0 native plugins for Editor in 0.00 ms.
Invoked RoslynAnalysisRunner static constructor.
RoslynAnalysisRunner will not be running.
RoslynAnalysisRunner has terminated.
Mono: successfully reloaded assembly
- Completed reload, in  0.887 seconds
Platform modules already initialized, skipping
========================================================================
Worker process is ready to serve import requests
Launched and connected shader compiler UnityShaderCompiler.exe after 0.04 seconds
Refreshing native plugins compatible for Editor in 0.18 ms, found 0 plugins.
Preloading 0 native plugins for Editor in 0.00 ms.
Unloading 1099 Unused Serialized files (Serialized files now loaded: 0)
System memory in use before: 56.5 MB.
System memory in use after: 56.5 MB.

Unloading 10 unused Assets to reduce memory usage. Loaded Objects now: 1540.
Total: 2.397400 ms (FindLiveObjects: 0.258500 ms CreateObjectMapping: 0.080300 ms MarkObjects: 1.951200 ms  DeleteObjects: 0.105600 ms)

========================================================================
Received Import Request.
  path: Packages/com.unity.textmeshpro/package.json
  artifactKey: Guid(220e9325710f4235a43492dd1ee4980d) Importer(815301076,1909f56bfc062723c751e8b465ee728b)
Start importing Packages/com.unity.textmeshpro/package.json using Guid(220e9325710f4235a43492dd1ee4980d) Importer(815301076,1909f56bfc062723c751e8b465ee728b)  -> (artifact id: '8f2110a814479dc2ce7a862ddca5fc19') in 0.048063 seconds
  Import took 0.050011 seconds .

========================================================================
Received Import Request.
  Time since last request: 0.000204 seconds.
  path: Packages/com.unity.timeline/package.json
  artifactKey: Guid(13a9c1b4df2e489e8eb9cacca7429596) Importer(815301076,1909f56bfc062723c751e8b465ee728b)
Start importing Packages/com.unity.timeline/package.json using Guid(13a9c1b4df2e489e8eb9cacca7429596) Importer(815301076,1909f56bfc062723c751e8b465ee728b)  -> (artifact id: 'ba39b86a3b0663a686472d15446053e6') in 0.007624 seconds
  Import took 0.010453 seconds .

========================================================================
Received Import Request.
  Time since last request: 0.000218 seconds.
  path: Packages/com.unity.ide.rider/package.json
  artifactKey: Guid(66c95bb3c74257f41bae2622511dc02d) Importer(815301076,1909f56bfc062723c751e8b465ee728b)
Start importing Packages/com.unity.ide.rider/package.json using Guid(66c95bb3c74257f41bae2622511dc02d) Importer(815301076,1909f56bfc062723c751e8b465ee728b)  -> (artifact id: '78ca40f4615ab8d7a307f38dca958894') in 0.007621 seconds
  Import took 0.010250 seconds .

========================================================================
Received Import Request.
  Time since last request: 3.003196 seconds.
  path: Packages/com.unity.ugui/package.json
  artifactKey: Guid(319b8889f363f5947acf209c17a94149) Importer(815301076,1909f56bfc062723c751e8b465ee728b)
Start importing Packages/com.unity.ugui/package.json using Guid(319b8889f363f5947acf209c17a94149) Importer(815301076,1909f56bfc062723c751e8b465ee728b)  -> (artifact id: '2fc64036ad5d57fb88727d9272b78daf') in 0.005599 seconds
  Import took 0.007357 seconds .

========================================================================
Received Import Request.
  Time since last request: 1.452676 seconds.
  path: Packages/com.unity.ugui/Editor/UnityEditor.UI.asmdef
  artifactKey: Guid(343deaaf83e0cee4ca978e7df0b80d21) Importer(815301076,1909f56bfc062723c751e8b465ee728b)
Start importing Packages/com.unity.ugui/Editor/UnityEditor.UI.asmdef using Guid(343deaaf83e0cee4ca978e7df0b80d21) Importer(815301076,1909f56bfc062723c751e8b465ee728b)  -> (artifact id: 'b824bf7efbe9dc09db6e13e92f67b68d') in 0.009053 seconds
  Import took 0.011025 seconds .

========================================================================
Received Import Request.
  Time since last request: 5.045770 seconds.
  path: Packages/com.unity.timeline/DocCodeExamples/DocCodeExamples.asmdef
  artifactKey: Guid(9550f6b9c1ac87345a996c43f204fb30) Importer(815301076,1909f56bfc062723c751e8b465ee728b)
Start importing Packages/com.unity.timeline/DocCodeExamples/DocCodeExamples.asmdef using Guid(9550f6b9c1ac87345a996c43f204fb30) Importer(815301076,1909f56bfc062723c751e8b465ee728b)  -> (artifact id: '22c0f5c1f0e79c34656cb8b62537a70b') in 0.006780 seconds
  Import took 0.008995 seconds .

========================================================================
Received Import Request.
  Time since last request: 22.811732 seconds.
  path: Packages/com.unity.timeline/DocCodeExamples/TrackAssetExamples.cs
  artifactKey: Guid(c9f0489deaf04d0fbcbe45fd50a018f6) Importer(815301076,1909f56bfc062723c751e8b465ee728b)
Start importing Packages/com.unity.timeline/DocCodeExamples/TrackAssetExamples.cs using Guid(c9f0489deaf04d0fbcbe45fd50a018f6) Importer(815301076,1909f56bfc062723c751e8b465ee728b)  -> (artifact id: '98f979297ed7f2ca66a80c5dcec12aaa') in 0.019303 seconds
  Import took 0.020952 seconds .

========================================================================
Received Import Request.
  Time since last request: 10.669179 seconds.
  path: Packages/com.unity.timeline/DocCodeExamples/ActionExamples.cs
  artifactKey: Guid(617e6579183b7cc488aae748fe3f88bd) Importer(815301076,1909f56bfc062723c751e8b465ee728b)
Start importing Packages/com.unity.timeline/DocCodeExamples/ActionExamples.cs using Guid(617e6579183b7cc488aae748fe3f88bd) Importer(815301076,1909f56bfc062723c751e8b465ee728b)  -> (artifact id: '73e7f8685c4f4729ea6ba1614d65756d') in 0.011881 seconds
  Import took 0.014210 seconds .

========================================================================
Received Import Request.
  Time since last request: 0.021383 seconds.
  path: Packages/com.unity.timeline/DocCodeExamples/ActionExamples.cs
  artifactKey: Guid(617e6579183b7cc488aae748fe3f88bd) Importer(815301076,1909f56bfc062723c751e8b465ee728b)
Start importing Packages/com.unity.timeline/DocCodeExamples/ActionExamples.cs using Guid(617e6579183b7cc488aae748fe3f88bd) Importer(815301076,1909f56bfc062723c751e8b465ee728b)  -> (artifact id: '73e7f8685c4f4729ea6ba1614d65756d') in 0.003061 seconds
  Import took 0.005552 seconds .

========================================================================
Received Import Request.
  Time since last request: 124.334782 seconds.
  path: Assets
  artifactKey: Guid(00000000000000001000000000000000) Importer(815301076,1909f56bfc062723c751e8b465ee728b)
Start importing Assets using Guid(00000000000000001000000000000000) Importer(815301076,1909f56bfc062723c751e8b465ee728b)  -> (artifact id: '4a6e520b92ccfc61bcfa21a7bcab8468') in 0.006979 seconds
  Import took 0.009121 seconds .

========================================================================
Received Prepare
Refreshing native plugins compatible for Editor in 0.70 ms, found 0 plugins.
Preloading 0 native plugins for Editor in 0.00 ms.
Unloading 3 Unused Serialized files (Serialized files now loaded: 0)
System memory in use before: 34.7 MB.
System memory in use after: 34.8 MB.

Unloading 3 unused Assets to reduce memory usage. Loaded Objects now: 1540.
Total: 2.216900 ms (FindLiveObjects: 0.118700 ms CreateObjectMapping: 0.029200 ms MarkObjects: 2.028000 ms  DeleteObjects: 0.040000 ms)

========================================================================
Received Import Request.
  Time since last request: 54.913512 seconds.
  path: Assets/Materials
  artifactKey: Guid(e48f1e317a71b324f99a4c9a78259973) Importer(815301076,1909f56bfc062723c751e8b465ee728b)
Start importing Assets/Materials using Guid(e48f1e317a71b324f99a4c9a78259973) Importer(815301076,1909f56bfc062723c751e8b465ee728b)  -> (artifact id: 'f9645a1b0ac0a9da2ae9995ba142b301') in 0.006819 seconds
  Import took 0.009139 seconds .

========================================================================
Received Import Request.
  Time since last request: 10.355706 seconds.
  path: Assets/Scenes
  artifactKey: Guid(197b4a88750005a4fb4c78cf232853c7) Importer(815301076,1909f56bfc062723c751e8b465ee728b)
Start importing Assets/Scenes using Guid(197b4a88750005a4fb4c78cf232853c7) Importer(815301076,1909f56bfc062723c751e8b465ee728b)  -> (artifact id: '852a80f2587b45cff02ba19d0d733322') in 0.006218 seconds
  Import took 0.007887 seconds .

========================================================================
Received Import Request.
  Time since last request: 3.069595 seconds.
  path: Assets/Scenes/SampleScene.unity
  artifactKey: Guid(9fc0d4010bbf28b4594072e72b8655ab) Importer(815301076,1909f56bfc062723c751e8b465ee728b)
Start importing Assets/Scenes/SampleScene.unity using Guid(9fc0d4010bbf28b4594072e72b8655ab) Importer(815301076,1909f56bfc062723c751e8b465ee728b)  -> (artifact id: '9831e44e2a700a6e1119228b2d38e767') in 0.007692 seconds
  Import took 0.009522 seconds .

========================================================================
Received Import Request.
  Time since last request: 77.390967 seconds.
  path: Assets/Materials/New Material.mat
  artifactKey: Guid(83b05a73ef4287b46a99cdf236be8f2c) Importer(815301076,1909f56bfc062723c751e8b465ee728b)
Start importing Assets/Materials/New Material.mat using Guid(83b05a73ef4287b46a99cdf236be8f2c) Importer(815301076,1909f56bfc062723c751e8b465ee728b)  -> (artifact id: '7e805ecb83557aa95db0c31f8f46742e') in 0.099933 seconds
  Import took 0.102144 seconds .

========================================================================
Received Import Request.
  Time since last request: 1323.839213 seconds.
  path: Assets/Materials/Floor_Mat.mat
  artifactKey: Guid(49ce29ab84b94ba4f8426be588533ffe) Importer(815301076,1909f56bfc062723c751e8b465ee728b)
Start importing Assets/Materials/Floor_Mat.mat using Guid(49ce29ab84b94ba4f8426be588533ffe) Importer(815301076,1909f56bfc062723c751e8b465ee728b)  -> (artifact id: '2eea8d4b2921e0b1c7f82fb0d4ef381e') in 0.019348 seconds
  Import took 0.022430 seconds .

========================================================================
Received Prepare
Registering precompiled user dll's ...
Registered in 0.002672 seconds.
Begin MonoManager ReloadAssembly
Native extension for WindowsStandalone target not found
Refreshing native plugins compatible for Editor in 0.27 ms, found 0 plugins.
Preloading 0 native plugins for Editor in 0.00 ms.
Invoked RoslynAnalysisRunner static constructor.
RoslynAnalysisRunner will not be running.
RoslynAnalysisRunner has terminated.
Mono: successfully reloaded assembly
- Completed reload, in  1.838 seconds
Platform modules already initialized, skipping
Refreshing native plugins compatible for Editor in 0.33 ms, found 0 plugins.
Preloading 0 native plugins for Editor in 0.00 ms.
Unloading 1094 Unused Serialized files (Serialized files now loaded: 0)
System memory in use before: 60.0 MB.
System memory in use after: 60.1 MB.

Unloading 5 unused Assets to reduce memory usage. Loaded Objects now: 1582.
Total: 3.777800 ms (FindLiveObjects: 0.290000 ms CreateObjectMapping: 0.072700 ms MarkObjects: 3.341800 ms  DeleteObjects: 0.071300 ms)

========================================================================
Received Prepare
Registering precompiled user dll's ...
Registered in 0.001138 seconds.
Begin MonoManager ReloadAssembly
Native extension for WindowsStandalone target not found
Refreshing native plugins compatible for Editor in 0.27 ms, found 0 plugins.
Preloading 0 native plugins for Editor in 0.00 ms.
Invoked RoslynAnalysisRunner static constructor.
RoslynAnalysisRunner will not be running.
RoslynAnalysisRunner has terminated.
Mono: successfully reloaded assembly
- Completed reload, in  1.650 seconds
Platform modules already initialized, skipping
Refreshing native plugins compatible for Editor in 0.33 ms, found 0 plugins.
Preloading 0 native plugins for Editor in 0.00 ms.
Unloading 1094 Unused Serialized files (Serialized files now loaded: 0)
System memory in use before: 60.2 MB.
System memory in use after: 60.2 MB.

Unloading 5 unused Assets to reduce memory usage. Loaded Objects now: 1584.
Total: 2.568300 ms (FindLiveObjects: 0.236400 ms CreateObjectMapping: 0.049300 ms MarkObjects: 2.197100 ms  DeleteObjects: 0.083600 ms)

========================================================================
Received Prepare
Registering precompiled user dll's ...
Registered in 0.001129 seconds.
Begin MonoManager ReloadAssembly
Native extension for WindowsStandalone target not found
Refreshing native plugins compatible for Editor in 0.43 ms, found 0 plugins.
Preloading 0 native plugins for Editor in 0.00 ms.
Invoked RoslynAnalysisRunner static constructor.
RoslynAnalysisRunner will not be running.
RoslynAnalysisRunner has terminated.
Mono: successfully reloaded assembly
- Completed reload, in  1.459 seconds
Platform modules already initialized, skipping
Refreshing native plugins compatible for Editor in 0.32 ms, found 0 plugins.
Preloading 0 native plugins for Editor in 0.00 ms.
Unloading 1094 Unused Serialized files (Serialized files now loaded: 0)
System memory in use before: 60.3 MB.
System memory in use after: 60.3 MB.

Unloading 5 unused Assets to reduce memory usage. Loaded Objects now: 1586.
Total: 2.408900 ms (FindLiveObjects: 0.211000 ms CreateObjectMapping: 0.067100 ms MarkObjects: 2.018000 ms  DeleteObjects: 0.111000 ms)

========================================================================
Received Import Request.
  Time since last request: 2327.851113 seconds.
  path: Assets/Scenes/Nivel.unity
  artifactKey: Guid(6610b46e4476b0140a18e34ab1dfdb79) Importer(815301076,1909f56bfc062723c751e8b465ee728b)
Start importing Assets/Scenes/Nivel.unity using Guid(6610b46e4476b0140a18e34ab1dfdb79) Importer(815301076,1909f56bfc062723c751e8b465ee728b)  -> (artifact id: 'a22cb17b8638488dfcf384b3a20992ff') in 0.021733 seconds
  Import took 0.024756 seconds .

========================================================================
Received Import Request.
  Time since last request: 0.001730 seconds.
  path: Assets/Scenes/Nivel.unity
  artifactKey: Guid(6610b46e4476b0140a18e34ab1dfdb79) Importer(815301076,1909f56bfc062723c751e8b465ee728b)
Start importing Assets/Scenes/Nivel.unity using Guid(6610b46e4476b0140a18e34ab1dfdb79) Importer(815301076,1909f56bfc062723c751e8b465ee728b)  -> (artifact id: 'a22cb17b8638488dfcf384b3a20992ff') in 0.004347 seconds
  Import took 0.008319 seconds .

AssetImportWorkerClient::OnTransportError - code=2 error=End of file
